2020-08-30T01:52:21.547Z [api-accounts] info: API Started
2020-08-30T01:52:23.250Z [api-accounts] info: Base de dados conectada com sucesso!
2020-08-30T01:58:47.145Z [api-accounts] info: PUT /account/ - Saldo atualizado: 1134
2020-08-30T01:59:31.087Z [api-accounts] info: PUT /account/ - Saldo atualizado: 89
2020-08-30T02:00:00.792Z [api-accounts] info: GET /account/balance {"balance":452}
2020-08-30T02:00:43.087Z [api-accounts] info: DELETE /account/ - {"agencia":33,"conta":9101}
2020-08-30T02:09:29.759Z [api-accounts] error: PUT /account - Agencia, conta e saldo devem ser informados
2020-08-30T02:11:01.928Z [api-accounts] error: PUT /account - account_dest is not defined
2020-08-30T02:12:36.733Z [api-accounts] info: API Started
2020-08-30T02:12:38.761Z [api-accounts] info: Base de dados conectada com sucesso!
2020-08-30T02:14:23.524Z [api-accounts] info: API Started
2020-08-30T02:14:25.070Z [api-accounts] info: Base de dados conectada com sucesso!
2020-08-30T02:17:13.566Z [api-accounts] info: API Started
2020-08-30T02:17:15.471Z [api-accounts] info: Base de dados conectada com sucesso!
2020-08-30T02:17:22.654Z [api-accounts] info: API Started
2020-08-30T02:17:24.139Z [api-accounts] info: Base de dados conectada com sucesso!
2020-08-30T02:17:43.613Z [api-accounts] info: API Started
2020-08-30T02:17:45.198Z [api-accounts] info: Base de dados conectada com sucesso!
2020-08-30T02:18:16.736Z [api-accounts] error: PUT /account - agencia is not defined
2020-08-30T02:18:43.718Z [api-accounts] info: API Started
2020-08-30T02:18:45.264Z [api-accounts] info: Base de dados conectada com sucesso!
2020-08-30T02:19:12.909Z [api-accounts] error: PUT /account - agencia_destino is not defined
2020-08-30T02:19:55.025Z [api-accounts] info: API Started
2020-08-30T02:19:56.606Z [api-accounts] info: Base de dados conectada com sucesso!
2020-08-30T02:20:21.715Z [api-accounts] info: API Started
2020-08-30T02:20:23.252Z [api-accounts] info: Base de dados conectada com sucesso!
2020-08-30T02:21:36.699Z [api-accounts] info: API Started
2020-08-30T02:21:38.237Z [api-accounts] info: Base de dados conectada com sucesso!
2020-08-30T02:22:33.673Z [api-accounts] info: API Started
2020-08-30T02:22:35.265Z [api-accounts] info: Base de dados conectada com sucesso!
2020-08-30T02:26:33.903Z [api-accounts] info: API Started
2020-08-30T02:26:35.609Z [api-accounts] info: Base de dados conectada com sucesso!
2020-08-30T02:28:14.899Z [api-accounts] info: PUT /account/transferencia 168
2020-08-30T02:29:41.964Z [api-accounts] info: API Started
2020-08-30T02:29:43.556Z [api-accounts] info: Base de dados conectada com sucesso!
2020-08-30T02:31:52.267Z [api-accounts] info: PUT /account/ - Saldo atualizado: 1134
2020-08-30T02:32:10.257Z [api-accounts] info: PUT /account/ - Saldo atualizado: 89
2020-08-30T02:32:29.426Z [api-accounts] info: GET /account/balance {"balance":452}
2020-08-30T02:32:49.115Z [api-accounts] info: DELETE /account/ - {"agencia":33,"conta":9101}
2020-08-30T02:33:11.382Z [api-accounts] info: PUT /account/transferencia 168
2020-08-30T02:34:29.513Z [api-accounts] info: PUT /account/transferencia 0
2020-08-30T02:34:57.127Z [api-accounts] info: GET /account/avg - 692.6333333333333
2020-08-30T02:35:17.523Z [api-accounts] info: GET /account/avg - 960.8666666666667
2020-08-30T02:35:54.657Z [api-accounts] info: GET /account/downBalance - [{"agencia":47,"conta":2214,"balance":0}]
2020-08-30T02:36:35.946Z [api-accounts] info: GET /account/downBalance - [{"agencia":10,"conta":1027,"name":"Giovanna Silva Dias","balance":9852},{"agencia":47,"conta":2221,"name":"Guilherme Geraldo Aguiar","balance":3265},{"agencia":25,"conta":3003,"name":"Guilherme Zanin Freitas","balance":3265},{"agencia":33,"conta":9123,"name":"Glaucio de Souza","balance":2354},{"agencia":25,"conta":3004,"name":"Guilherme Ferreira Silva","balance":2154}]
2020-08-30T02:37:44.625Z [api-accounts] info: GET /account/downBalance - [{"_id":"5f4b0f67a5105f2febb5db4b","agencia":99,"conta":1027,"name":"Giovanna Silva Dias","balance":9852},{"_id":"5f4b0f67a5105f2febb5db51","agencia":99,"conta":3003,"name":"Guilherme Zanin Freitas","balance":3265},{"_id":"5f4b0f67a5105f2febb5dba1","agencia":99,"conta":9123,"name":"Glaucio de Souza","balance":2354},{"_id":"5f4b0f67a5105f2febb5db81","agencia":99,"conta":2221,"name":"Guilherme Geraldo Aguiar","balance":3265}]
2020-08-30T02:41:26.092Z [api-accounts] info: GET /account/avg - 4684
2020-08-30T02:49:11.906Z [api-accounts] error: Erro de conexao com a base de dadosMongooseError: The `uri` parameter to `openUri()` must be a string, got "undefined". Make sure the first parameter to `mongoose.connect()` or `mongoose.createConnection()` is a string.
2020-08-30T02:49:11.908Z [api-accounts] info: API Started
2020-08-30T02:49:48.360Z [api-accounts] error: Erro de conexao com a base de dadosMongooseError: The `uri` parameter to `openUri()` must be a string, got "undefined". Make sure the first parameter to `mongoose.connect()` or `mongoose.createConnection()` is a string.
2020-08-30T02:49:48.362Z [api-accounts] info: API Started
2020-08-30T02:52:50.634Z [api-accounts] info: API Started
2020-08-30T02:52:53.008Z [api-accounts] info: Base de dados conectada com sucesso!
2020-08-30T02:53:11.767Z [api-accounts] info: API Started
2020-08-30T02:53:13.295Z [api-accounts] info: Base de dados conectada com sucesso!
